nohup: 忽略输入
✅ 数据库表创建成功！
 * Serving Flask app 'app'
 * Debug mode: on
WARNING: This is a development server. Do not use it in a production deployment. Use a production WSGI server instead.
 * Running on all addresses (0.0.0.0)
 * Running on http://127.0.0.1:5001
 * Running on http://198.18.0.1:5001
Press CTRL+C to quit
 * Restarting with stat
 * Debugger is active!
 * Debugger PIN: 333-325-108
127.0.0.1 - - [21/Jul/2025 07:45:35] "GET /api/health HTTP/1.1" 200 -
 * Detected change in '/home/flower/Projects/SCU本科作业/2025夏实训/chat_backend/app2/app.py', reloading
✅ 数据库表创建成功！
 * Restarting with stat
 * Debugger is active!
 * Debugger PIN: 333-325-108
 * Detected change in '/home/flower/Projects/SCU本科作业/2025夏实训/chat_backend/app2/test_api.py', reloading
✅ 数据库表创建成功！
 * Restarting with stat
 * Debugger is active!
 * Debugger PIN: 333-325-108
 * Detected change in '/home/flower/Projects/SCU本科作业/2025夏实训/chat_backend/app2/routes/message.py', reloading
✅ 数据库表创建成功！
 * Restarting with stat
 * Debugger is active!
 * Debugger PIN: 333-325-108
